<?xml version="1.0" encoding="UTF-8"?>
<!-- Generated by org.testng.reporters.JUnitReportReporter -->
<testsuite hostname="DESKTOP-FKRM19G" failures="0" tests="1" name="com.amazon.amezon.Login" time="13.627" errors="0" timestamp="2022-12-18T06:17:59 PST" skipped="0">
  <testcase classname="com.amazon.amezon.Login" name="Amezon" time="13.627"/>
  <system-out/>
</testsuite> <!-- com.amazon.amezon.Login -->
