<?xml version="1.0" encoding="UTF-8"?>
<!-- Generated by org.testng.reporters.JUnitReportReporter -->
<testsuite hostname="DESKTOP-FKRM19G" failures="0" tests="1" name="com.amazon.amezon.Demo" time="68.686" errors="0" timestamp="2022-12-29T02:29:32 PST" skipped="0">
  <testcase classname="com.amazon.amezon.Demo" name="actdemo" time="68.686"/>
  <system-out/>
</testsuite> <!-- com.amazon.amezon.Demo -->
